2021-02-14 20:02:35.197904 [INFO] [PlainConf] [httpServerConfig:] start parsing file /usr/local/lsws/conf/httpd_config.conf
2021-02-14 20:02:35.198180 [INFO] [PlainConf] [httpServerConfig:] Finished parsing file /usr/local/lsws/conf/httpd_config.conf
2021-02-14 20:02:35.198451 [INFO] [PlainConf] [httpServerConfig:] module [mod_security] add param [modsecurity on]
2021-02-14 20:02:35.198630 [INFO] [PlainConf] [httpServerConfig:] module [mod_security] add param [modsecurity_rules `]
2021-02-14 20:02:35.198819 [INFO] [PlainConf] [httpServerConfig:] module [mod_security] add param [secdefaultaction "deny,phase:2,status:403"]
2021-02-14 20:02:35.199406 [INFO] [PlainConf] [httpServerConfig:] module [mod_security] add param [secrule ARGS "\.\./" "t:normalizePathWin,id:50904,severity:4,t:none,t:urlDecodeUni,t:htmlEntityDecode,t:lowercase,msg:'Drive Access'"]
2021-02-14 20:02:35.199634 [INFO] [PlainConf] [httpServerConfig:] module [mod_security] add param [secdebugloglevel 0]
2021-02-14 20:02:35.199858 [INFO] [PlainConf] [httpServerConfig:] module [mod_security] add param [secdebuglog /usr/local/lsws/logs/modsec.log]
2021-02-14 20:02:35.200128 [INFO] [PlainConf] [httpServerConfig:] module [mod_security] add param [secauditengine off]
2021-02-14 20:02:35.200362 [INFO] [PlainConf] [httpServerConfig:] module [mod_security] add param [secauditlogrelevantstatus "^(?:5|4(?!04))"]
2021-02-14 20:02:35.200559 [INFO] [PlainConf] [httpServerConfig:] module [mod_security] add param [secauditlogparts AFH]
2021-02-14 20:02:35.200807 [INFO] [PlainConf] [httpServerConfig:] module [mod_security] add param [secauditlogtype Serial]
2021-02-14 20:02:35.201058 [INFO] [PlainConf] [httpServerConfig:] module [mod_security] add param [secauditlog /usr/local/lsws/logs/auditmodsec.log]
2021-02-14 20:02:35.201259 [INFO] [PlainConf] [httpServerConfig:] module [mod_security] add param [secruleengine on]
2021-02-14 20:02:35.201497 [INFO] [PlainConf] [httpServerConfig:] module [mod_security] add param [secruleremovebyid 210590]
2021-02-14 20:02:35.201734 [INFO] [PlainConf] [httpServerConfig:] module [mod_security] add param [secruleremovebyid 210710]
2021-02-14 20:02:35.201962 [INFO] [PlainConf] [httpServerConfig:] module [mod_security] add param [secruleremovebyid 211210]
2021-02-14 20:02:35.202213 [INFO] [PlainConf] [httpServerConfig:] module [mod_security] add param [secruleremovebyid 211820]
2021-02-14 20:02:35.202430 [INFO] [PlainConf] [httpServerConfig:] module [mod_security] add param [secruleremovebyid 218530]
2021-02-14 20:02:35.202628 [INFO] [PlainConf] [httpServerConfig:] module [mod_security] add param [secruleremovebyid 221420]
2021-02-14 20:02:35.202828 [INFO] [PlainConf] [httpServerConfig:] module [mod_security] add param [secruleremovebyid 221450]
2021-02-14 20:02:35.203088 [INFO] [PlainConf] [httpServerConfig:] module [mod_security] add param [secruleremovebyid 221520]
2021-02-14 20:02:35.203299 [INFO] [PlainConf] [httpServerConfig:] module [mod_security] add param [secruleremovebyid 221790]
2021-02-14 20:02:35.203528 [INFO] [PlainConf] [httpServerConfig:] module [mod_security] add param [secruleremovebyid 221800]
2021-02-14 20:02:35.203723 [INFO] [PlainConf] [httpServerConfig:] module [mod_security] add param [secruleremovebyid 221820]
2021-02-14 20:02:35.203909 [INFO] [PlainConf] [httpServerConfig:] module [mod_security] add param [secruleremovebyid 221910]
2021-02-14 20:02:35.204092 [INFO] [PlainConf] [httpServerConfig:] module [mod_security] add param [secruleremovebyid 221940]
2021-02-14 20:02:35.204303 [INFO] [PlainConf] [httpServerConfig:] module [mod_security] add param [secruleremovebyid 221990]
2021-02-14 20:02:35.204531 [INFO] [PlainConf] [httpServerConfig:] module [mod_security] add param [secruleremovebyid 222000]
2021-02-14 20:02:35.204759 [INFO] [PlainConf] [httpServerConfig:] module [mod_security] add param [secruleremovebyid 222020]
2021-02-14 20:02:35.204973 [INFO] [PlainConf] [httpServerConfig:] module [mod_security] add param [secruleremovebyid 226050]
2021-02-14 20:02:35.205198 [INFO] [PlainConf] [httpServerConfig:] module [mod_security] add param [secruleremovebyid 243420]
2021-02-14 20:02:35.205496 [INFO] [PlainConf] [httpServerConfig:] module [mod_security] add param [secruleremovebyid 920350]
2021-02-14 20:02:35.205723 [INFO] [PlainConf] [httpServerConfig:] module [mod_security] add param [secruleremovebyid 930120]
2021-02-14 20:02:35.206002 [INFO] [PlainConf] [httpServerConfig:] module [mod_security] add param [secruleremovebyid 932105]
2021-02-14 20:02:35.206342 [INFO] [PlainConf] [httpServerConfig:] module [mod_security] add param [secruleremovebyid 932115]
2021-02-14 20:02:35.206596 [INFO] [PlainConf] [httpServerConfig:] module [mod_security] add param [secruleremovebyid 932150]
2021-02-14 20:02:35.206820 [INFO] [PlainConf] [httpServerConfig:] module [mod_security] add param [secruleremovebyid 933120]
2021-02-14 20:02:35.207025 [INFO] [PlainConf] [httpServerConfig:] module [mod_security] add param [secruleremovebyid 941100]
2021-02-14 20:02:35.207264 [INFO] [PlainConf] [httpServerConfig:] module [mod_security] add param [secruleremovebyid 941130]
2021-02-14 20:02:35.207497 [INFO] [PlainConf] [httpServerConfig:] module [mod_security] add param [secruleremovebyid 941160]
2021-02-14 20:02:35.207717 [INFO] [PlainConf] [httpServerConfig:] module [mod_security] add param [secruleremovebyid 942100]
2021-02-14 20:02:35.207946 [INFO] [PlainConf] [httpServerConfig:] module [mod_security] add param [secruleremovebyid 942140]
2021-02-14 20:02:35.208146 [INFO] [PlainConf] [httpServerConfig:] module [mod_security] add param [secruleremovebyid 942350]
2021-02-14 20:02:35.208370 [INFO] [PlainConf] [httpServerConfig:] module [mod_security] add param [` ]
2021-02-14 20:02:35.208570 [INFO] [PlainConf] [httpServerConfig:] module [mod_security] add param [modsecurity_rules_file /usr/local/lsws/conf/modsecurity/modsec_includes.conf]
2021-02-14 20:02:35.208771 [INFO] [PlainConf] [httpServerConfig:] module [cache] add param [enablecache 0]
2021-02-14 20:02:35.208984 [INFO] [PlainConf] [httpServerConfig:] module [cache] add param [enableprivatecache 0]
2021-02-14 20:02:35.209189 [INFO] [PlainConf] [httpServerConfig:] module [cache] add param [checkpubliccache 1]
2021-02-14 20:02:35.209380 [INFO] [PlainConf] [httpServerConfig:] module [cache] add param [checkprivatecache 1]
2021-02-14 20:02:35.209559 [INFO] [PlainConf] [httpServerConfig:] module [cache] add param [qscache 1]
2021-02-14 20:02:35.209783 [INFO] [PlainConf] [httpServerConfig:] module [cache] add param [reqcookiecache 1]
2021-02-14 20:02:35.209996 [INFO] [PlainConf] [httpServerConfig:] module [cache] add param [ignorereqcachectrl 1]
2021-02-14 20:02:35.210246 [INFO] [PlainConf] [httpServerConfig:] module [cache] add param [ignorerespcachectrl 0]
2021-02-14 20:02:35.210459 [INFO] [PlainConf] [httpServerConfig:] module [cache] add param [respcookiecache 1]
2021-02-14 20:02:35.210658 [INFO] [PlainConf] [httpServerConfig:] module [cache] add param [expireinseconds 604800]
2021-02-14 20:02:35.210851 [INFO] [PlainConf] [httpServerConfig:] module [cache] add param [privateexpireinseconds 3600]
2021-02-14 20:02:35.211061 [INFO] [PlainConf] [httpServerConfig:] module [cache] add param [maxstaleage 300]
2021-02-14 20:02:35.211258 [INFO] [PlainConf] [httpServerConfig:] module [cache] add param [maxcacheobjsize 10000000]
2021-02-14 20:02:35.211487 [INFO] [PlainConf] [httpServerConfig:] module [cache] add param [storagepath /usr/local/lsws/cachedata/]
2021-02-14 20:02:35.211693 [INFO] [PlainConf] [httpServerConfig:] module [cache] add param [nocachedomain ]
2021-02-14 20:02:35.211902 [INFO] [PlainConf] [httpServerConfig:] module [cache] add param [nocacheurl ]
2021-02-14 20:02:35.212123 [INFO] [PlainConf] [httpServerConfig:] module [cache] add param [no-vary 0]
2021-02-14 20:02:35.212339 [INFO] [PlainConf] [httpServerConfig:] module [cache] add param [addetag 0]
2021-02-14 20:02:35.212548 [NOTICE] Loading LiteSpeed/1.6.17 Open
	module versions:
	modgzip 1.1
	cache 1.62
	modinspector 1.1
	uploadprogress 1.1
	mod_security 1.3
 (built: Thu Oct 29 15:05:03 UTC 2020) ...
2021-02-14 20:02:35.212754 [NOTICE] Using [BoringSSL]
2021-02-14 20:02:35.213797 [NOTICE] [ADMIN] server socket: uds://usr/local/lsws/admin/tmp/admin.sock.7305
2021-02-14 20:02:35.214201 [NOTICE] chroot is disabled.
2021-02-14 20:02:35.214478 [INFO] old priority: 0, new priority: 0
2021-02-14 20:02:35.214758 [INFO] [config:server:basics2] For better obscurity, server version number is hidden in the response header.
2021-02-14 20:02:35.226129 [INFO] You allow cgroups, but your OS does not support it; disabled.  Try installing glib
2021-02-14 20:02:35.226554 [NOTICE] [PID: 5132]: forked cgid: 5141
2021-02-14 20:02:35.226827 [NOTICE] [config:server:basics2:server:recaptcha:vhost:LswsDefault] Config recaptcha.
2021-02-14 20:02:35.227038 [NOTICE] [config:server:basics2:server:recaptcha:vhost:LswsDefault] Recaptcha configured and enabled.
2021-02-14 20:02:35.228662 [INFO] [PlainConf] [adminConfig:] start parsing file /usr/local/lsws/admin/conf/admin_config.conf
2021-02-14 20:02:35.235456 [INFO] [PlainConf] [adminConfig:] Finished parsing file /usr/local/lsws/admin/conf/admin_config.conf
2021-02-14 20:02:35.238234 [INFO] [Module:Mod_Security] ParseConfig entry, level 1, Mod_Security v3.0.4
2021-02-14 20:02:35.238716 [INFO] [Module:Mod_Security] Enable flag interpreted as 1
2021-02-14 20:02:35.238965 [INFO] [Module:Mod_Security] setSecRule value: 
secdefaultaction "deny,phase:2,status:403"
secrule ARGS "\.\./" "t:normalizePathWin,id:50904,severity:4,t:none,t:urlDecodeUni,t:htmlEntityDecode,t:lowercase,msg:'Drive Access'"
secdebugloglevel 0
secdebuglog /usr/local/lsws/logs/modsec.log
secauditengine off
secauditlogrelevantstatus "^(?:5|4(?!04))"
secauditlogparts AFH
secauditlogtype Serial
secauditlog /usr/local/lsws/logs/auditmodsec.log
secruleengine on
secruleremovebyid 210590
secruleremovebyid 210710
secruleremovebyid 211210
secruleremovebyid 211820
secruleremovebyid 218530
secruleremovebyid 221420
secruleremovebyid 221450
secruleremovebyid 221520
secruleremovebyid 221790
secruleremovebyid 221800
secruleremovebyid 221820
secruleremovebyid 221910
secruleremovebyid 221940
secruleremovebyid 221990
secruleremovebyid 222000
secruleremovebyid 222020
secruleremovebyid 226050
secruleremovebyid 243420
secruleremovebyid 920350
secruleremovebyid 930120
secruleremovebyid 932105
secruleremovebyid 932115
secruleremovebyid 932150
secruleremovebyid 933120
secruleremovebyid 941100
secruleremovebyid 941130
secruleremovebyid 941160
secruleremovebyid 942100
secruleremovebyid 942140
secruleremovebyid 942350
 , type: 1 
2021-02-14 20:02:35.240469 [INFO] [Module:Mod_Security] setSecRule value: /usr/local/lsws/conf/modsecurity/modsec_includes.conf, type: 2 
2021-02-14 20:02:35.700186 [INFO] [Module: modcompress 1.1] has been initialized successfully
2021-02-14 20:02:35.702681 [INFO] [Module: moddecompress 1.1] has been initialized successfully
2021-02-14 20:02:35.703105 [INFO] [Module: cache 1.62] has been initialized successfully
2021-02-14 20:02:35.703442 [INFO] [Module: mod_security Mod_Security 1.3] has been initialized successfully
2021-02-14 20:02:35.713221 [NOTICE] Created new Listener [adminListener].
2021-02-14 20:02:35.713619 [INFO] [UDP:0.0.0.0:7080] initPacketsIn: allocated 100 packets
2021-02-14 20:02:35.714043 [NOTICE] Created new Listener [HTTP].
2021-02-14 20:02:35.725996 [ERROR] [SSL] OCSP Stapling can't be enabled [X509_STORE_CTX_get1_issuer failed!].
2021-02-14 20:02:35.726269 [NOTICE] Created new Listener [HTTPS].
2021-02-14 20:02:35.726490 [INFO] [UDP:0.0.0.0:443] initPacketsIn: allocated 100 packets
2021-02-14 20:02:35.726735 [NOTICE] Created new Listener [Default].
2021-02-14 20:02:35.726945 [NOTICE] The maximum number of file descriptor limit is set to 1048576.
2021-02-14 20:02:35.730454 [NOTICE] [config:server:rails] 'Process Limit' probably is too low, adjust the limit to: 6100.
2021-02-14 20:02:35.738353 [INFO] [PlainConf] [virtualHostTemplate:] start parsing file /usr/local/lsws/conf/templates/ccl.conf
2021-02-14 20:02:35.746930 [INFO] [PlainConf] [virtualHostTemplate:] Finished parsing file /usr/local/lsws/conf/templates/ccl.conf
2021-02-14 20:02:35.747158 [INFO] [PlainConf] [context:/] rewrite [] add rules [rewritefile .htaccess]
2021-02-14 20:02:35.749198 [INFO] [PlainConf] [virtualHostTemplate:] start parsing file /usr/local/lsws/conf/templates/rails.conf
2021-02-14 20:02:35.762221 [INFO] [PlainConf] [virtualHostTemplate:] Finished parsing file /usr/local/lsws/conf/templates/rails.conf
2021-02-14 20:02:35.762507 [INFO] [PlainConf] [context:/] rewrite [] add rules [rewritefile .htaccess]
2021-02-14 20:02:35.764546 [INFO] [PlainConf] [virtualHostTemplate:] start parsing file /usr/local/lsws/conf/templates/vhost.conf
2021-02-14 20:02:35.775308 [INFO] [PlainConf] [virtualHostTemplate:] Finished parsing file /usr/local/lsws/conf/templates/vhost.conf
2021-02-14 20:02:35.775528 [INFO] [PlainConf] [context:/] rewrite [] add rules [rewritefile .htaccess]
2021-02-14 20:02:35.775732 [INFO] [PlainConf] [context:/] rewrite [] add rules [rewritefile $DOC_ROOT/.htaccess]
2021-02-14 20:02:35.777625 [WARN] Path for document root is not accessible: /var/www/vhosts/localhost/html/
2021-02-14 20:02:35.777816 [WARN] [config:template:localhost:vhost:localhost] configuration failed!
2021-02-14 20:02:35.778005 [NOTICE] [ZConfManager] No VHosts added, do not send!
2021-02-14 20:02:35.778226 [INFO] [UDP:0.0.0.0:443] initPacketsIn: allocated 100 packets
2021-02-14 20:02:35.778530 [INFO] [UDP:0.0.0.0:7080] initPacketsIn: allocated 100 packets
2021-02-14 20:02:35.778900 [NOTICE] Instance is ready for service.
2021-02-14 20:02:35.779396 [NOTICE] [AutoRestarter] new child process with pid=5250 is forked!
2021-02-14 20:02:35.779930 [NOTICE] [AutoRestarter] new child process with pid=5251 is forked!
2021-02-14 20:02:35.780154 [INFO] Stop listener *:7080.
2021-02-14 20:02:35.779929 [NOTICE] AIO is not supported on this machine!
2021-02-14 20:02:35.780563 [NOTICE] AIO is not supported on this machine!
2021-02-14 20:02:35.780653 [NOTICE] [child: 5250] Successfully change current user to nobody
2021-02-14 20:02:35.780863 [NOTICE] [child: 5251] Successfully change current user to nobody
2021-02-14 20:02:35.781295 [NOTICE] Child: 5251] Core dump is disabled.
2021-02-14 20:02:35.781079 [NOTICE] Child: 5250] Core dump is disabled.
2021-02-14 20:02:35.781627 [NOTICE] [Child: 5251] Setup swapping space...
2021-02-14 20:02:35.781895 [INFO] [lsphp]: locked pid file [/tmp/lshttpd/lsphp.sock.pid].
2021-02-14 20:02:35.782255 [NOTICE] [Child: 5251] LiteSpeed/1.6.17 Open
	module versions:
	modgzip 1.1
	cache 1.62
	modinspector 1.1
	uploadprogress 1.1
	mod_security 1.3
 starts successfully!
2021-02-14 20:02:35.782364 [INFO] [lsphp] remove unix socket for detached process: /tmp/lshttpd/lsphp.sock
2021-02-14 20:02:35.782873 [NOTICE] [LocalWorker::workerExec] Config[lsphp]: suExec uid 65534 gid 65534 cmd /usr/local/lsws/fcgi-bin/lsphp, final uid 65534 gid 65534.
2021-02-14 20:02:35.783391 [NOTICE] [lsphp] add child process pid: 5253
2021-02-14 20:02:35.783618 [INFO] [lsphp]: unlocked pid file [/tmp/lshttpd/lsphp.sock.pid].
2021-02-14 20:02:35.783882 [NOTICE] [Child: 5250] Setup swapping space...
2021-02-14 20:02:35.784157 [NOTICE] [Child: 5250] LiteSpeed/1.6.17 Open
	module versions:
	modgzip 1.1
	cache 1.62
	modinspector 1.1
	uploadprogress 1.1
	mod_security 1.3
 starts successfully!
2021-02-14 20:02:37.733784 [NOTICE] [LocalWorker::workerExec] VHost:_AdminVHost suExec check uid 910 gid 65534 setuidmode 2.
2021-02-14 20:02:37.734017 [NOTICE] [LocalWorker::workerExec] Config[AdminPHP]: suExec uid -1 gid -1 cmd /usr/local/lsws/admin/fcgi-bin/admin_php -c ../conf/php.ini, final uid 910 gid 65534.
2021-02-14 20:02:37.734624 [NOTICE] [AdminPHP] add child process pid: 5689
2021-02-14 20:02:44.608849 [NOTICE] [LocalWorker::workerExec] VHost:_AdminVHost suExec check uid 910 gid 65534 setuidmode 2.
2021-02-14 20:02:44.609175 [NOTICE] [LocalWorker::workerExec] Config[AdminPHP]: suExec uid -1 gid -1 cmd /usr/local/lsws/admin/fcgi-bin/admin_php -c ../conf/php.ini, final uid 910 gid 65534.
2021-02-14 20:02:44.609825 [NOTICE] [AdminPHP] add child process pid: 7950
2021-02-14 20:03:15.079982 [NOTICE] sendKillCmdToWatchdog: 'extappkill:5689:-3:0'.
2021-02-14 20:03:15.200943 [NOTICE] [5132] Cmd from child: [extappkill:5689:-3:0]
2021-02-14 20:03:15.201207 [INFO] Failed to get process [5689] start time, not running, skip killing.
2021-02-14 20:03:55.098729 [NOTICE] [LocalWorker::workerExec] VHost:_AdminVHost suExec check uid 910 gid 65534 setuidmode 2.
2021-02-14 20:03:55.099005 [NOTICE] [LocalWorker::workerExec] Config[AdminPHP]: suExec uid -1 gid -1 cmd /usr/local/lsws/admin/fcgi-bin/admin_php -c ../conf/php.ini, final uid 910 gid 65534.
2021-02-14 20:03:55.099633 [NOTICE] [AdminPHP] add child process pid: 628
2021-02-14 20:03:55.100029 [NOTICE] sendKillCmdToWatchdog: 'extappkill:7950:-3:0'.
2021-02-14 20:03:55.100329 [NOTICE] sendKillCmdToWatchdog: 'extappkill:628:-3:0'.
2021-02-14 20:03:55.200877 [NOTICE] [5132] Cmd from child: [extappkill:7950:-3:0]
2021-02-14 20:03:55.201158 [INFO] Failed to get process [7950] start time, not running, skip killing.
2021-02-14 20:03:55.201368 [NOTICE] [5132] Cmd from child: [extappkill:628:-3:0]
2021-02-14 20:03:55.201624 [INFO] Failed to get process [628] start time, not running, skip killing.
2021-02-14 20:03:56.157396 [NOTICE] [LocalWorker::workerExec] VHost:_AdminVHost suExec check uid 910 gid 65534 setuidmode 2.
2021-02-14 20:03:56.157652 [NOTICE] [LocalWorker::workerExec] Config[AdminPHP]: suExec uid -1 gid -1 cmd /usr/local/lsws/admin/fcgi-bin/admin_php -c ../conf/php.ini, final uid 910 gid 65534.
2021-02-14 20:03:56.158327 [NOTICE] [AdminPHP] add child process pid: 980
2021-02-14 20:03:56.158595 [NOTICE] [LocalWorker::workerExec] VHost:_AdminVHost suExec check uid 910 gid 65534 setuidmode 2.
2021-02-14 20:03:56.158830 [NOTICE] [LocalWorker::workerExec] Config[AdminPHP]: suExec uid -1 gid -1 cmd /usr/local/lsws/admin/fcgi-bin/admin_php -c ../conf/php.ini, final uid 910 gid 65534.
2021-02-14 20:03:56.159457 [NOTICE] [AdminPHP] add child process pid: 981
2021-02-14 20:03:56.160172 [NOTICE] [LocalWorker::workerExec] VHost:_AdminVHost suExec check uid 910 gid 65534 setuidmode 2.
2021-02-14 20:03:56.160627 [NOTICE] [LocalWorker::workerExec] Config[AdminPHP]: suExec uid -1 gid -1 cmd /usr/local/lsws/admin/fcgi-bin/admin_php -c ../conf/php.ini, final uid 910 gid 65534.
2021-02-14 20:03:56.161422 [NOTICE] [AdminPHP] add child process pid: 983
2021-02-14 20:03:56.161987 [NOTICE] [LocalWorker::workerExec] VHost:_AdminVHost suExec check uid 910 gid 65534 setuidmode 2.
2021-02-14 20:03:56.162601 [NOTICE] [LocalWorker::workerExec] Config[AdminPHP]: suExec uid -1 gid -1 cmd /usr/local/lsws/admin/fcgi-bin/admin_php -c ../conf/php.ini, final uid 910 gid 65534.
2021-02-14 20:03:56.163206 [NOTICE] [AdminPHP] add child process pid: 984
2021-02-14 20:04:27.100163 [NOTICE] sendKillCmdToWatchdog: 'extappkill:981:-3:0'.
2021-02-14 20:04:27.100811 [NOTICE] sendKillCmdToWatchdog: 'extappkill:983:-3:0'.
2021-02-14 20:04:27.101280 [NOTICE] sendKillCmdToWatchdog: 'extappkill:984:-3:0'.
2021-02-14 20:04:27.202478 [NOTICE] [5132] Cmd from child: [extappkill:981:-3:0]
2021-02-14 20:04:27.203128 [INFO] Failed to get process [981] start time, not running, skip killing.
2021-02-14 20:04:27.203702 [NOTICE] [5132] Cmd from child: [extappkill:983:-3:0]
2021-02-14 20:04:27.204136 [INFO] Failed to get process [983] start time, not running, skip killing.
2021-02-14 20:04:27.204515 [NOTICE] [5132] Cmd from child: [extappkill:984:-3:0]
2021-02-14 20:04:27.204925 [INFO] Failed to get process [984] start time, not running, skip killing.
2021-02-14 20:04:56.714470 [NOTICE] [LocalWorker::workerExec] VHost:_AdminVHost suExec check uid 910 gid 65534 setuidmode 2.
2021-02-14 20:04:56.718419 [NOTICE] [LocalWorker::workerExec] Config[AdminPHP]: suExec uid -1 gid -1 cmd /usr/local/lsws/admin/fcgi-bin/admin_php -c ../conf/php.ini, final uid 910 gid 65534.
2021-02-14 20:04:56.719506 [NOTICE] [AdminPHP] add child process pid: 7994
2021-02-14 20:05:27.008617 [NOTICE] sendKillCmdToWatchdog: 'extappkill:980:-3:0'.
2021-02-14 20:05:27.201913 [NOTICE] [5132] Cmd from child: [extappkill:980:-3:0]
2021-02-14 20:05:27.202421 [INFO] Failed to get process [980] start time, not running, skip killing.
